CRITICAL - 2025-07-17 15:55:47 --> CodeIgniter\View\Exceptions\ViewException: Invalid file: "landing/index.php"
[Method: GET, Route: /]
in SYSTEMPATH\Exceptions\FrameworkException.php on line 39.
 1 SYSTEMPATH\View\View.php(212): CodeIgniter\Exceptions\FrameworkException::forInvalidFile('landing/index.php')
 2 SYSTEMPATH\Common.php(1173): CodeIgniter\View\View->render('landing/index', [], true)
 3 APPPATH\Controllers\Landing.php(9): view('landing/index')
 4 SYSTEMPATH\CodeIgniter.php(933): App\Controllers\Landing->index()
 5 SYSTEMPATH\CodeIgniter.php(507): CodeIgniter\CodeIgniter->runController(Object(App\Controllers\Landing))
 6 SYSTEMPATH\CodeIgniter.php(354): CodeIgniter\CodeIgniter->handleRequest(null, Object(Config\Cache), false)
 7 SYSTEMPATH\Boot.php(334): CodeIgniter\CodeIgniter->run()
 8 SYSTEMPATH\Boot.php(67): CodeIgniter\Boot::runCodeIgniter(Object(CodeIgniter\CodeIgniter))
 9 FCPATH\index.php(59): CodeIgniter\Boot::bootWeb(Object(Config\Paths))
10 SYSTEMPATH\rewrite.php(44): require_once('C:\\xampp\\htdocs\\aplikasi_pengelola_kos\\codeigniter4\\public\\index.php')
CRITICAL - 2025-07-17 15:56:07 --> CodeIgniter\View\Exceptions\ViewException: Invalid file: "landing/index.php"
[Method: GET, Route: /]
in SYSTEMPATH\Exceptions\FrameworkException.php on line 39.
 1 SYSTEMPATH\View\View.php(212): CodeIgniter\Exceptions\FrameworkException::forInvalidFile('landing/index.php')
 2 SYSTEMPATH\Common.php(1173): CodeIgniter\View\View->render('landing/index', [], true)
 3 APPPATH\Controllers\Landing.php(9): view('landing/index')
 4 SYSTEMPATH\CodeIgniter.php(933): App\Controllers\Landing->index()
 5 SYSTEMPATH\CodeIgniter.php(507): CodeIgniter\CodeIgniter->runController(Object(App\Controllers\Landing))
 6 SYSTEMPATH\CodeIgniter.php(354): CodeIgniter\CodeIgniter->handleRequest(null, Object(Config\Cache), false)
 7 SYSTEMPATH\Boot.php(334): CodeIgniter\CodeIgniter->run()
 8 SYSTEMPATH\Boot.php(67): CodeIgniter\Boot::runCodeIgniter(Object(CodeIgniter\CodeIgniter))
 9 FCPATH\index.php(59): CodeIgniter\Boot::bootWeb(Object(Config\Paths))
10 SYSTEMPATH\rewrite.php(44): require_once('C:\\xampp\\htdocs\\aplikasi_pengelola_kos\\codeigniter4\\public\\index.php')
CRITICAL - 2025-07-17 15:56:09 --> CodeIgniter\View\Exceptions\ViewException: Invalid file: "landing/index.php"
[Method: GET, Route: /]
in SYSTEMPATH\Exceptions\FrameworkException.php on line 39.
 1 SYSTEMPATH\View\View.php(212): CodeIgniter\Exceptions\FrameworkException::forInvalidFile('landing/index.php')
 2 SYSTEMPATH\Common.php(1173): CodeIgniter\View\View->render('landing/index', [], true)
 3 APPPATH\Controllers\Landing.php(9): view('landing/index')
 4 SYSTEMPATH\CodeIgniter.php(933): App\Controllers\Landing->index()
 5 SYSTEMPATH\CodeIgniter.php(507): CodeIgniter\CodeIgniter->runController(Object(App\Controllers\Landing))
 6 SYSTEMPATH\CodeIgniter.php(354): CodeIgniter\CodeIgniter->handleRequest(null, Object(Config\Cache), false)
 7 SYSTEMPATH\Boot.php(334): CodeIgniter\CodeIgniter->run()
 8 SYSTEMPATH\Boot.php(67): CodeIgniter\Boot::runCodeIgniter(Object(CodeIgniter\CodeIgniter))
 9 FCPATH\index.php(59): CodeIgniter\Boot::bootWeb(Object(Config\Paths))
10 SYSTEMPATH\rewrite.php(44): require_once('C:\\xampp\\htdocs\\aplikasi_pengelola_kos\\codeigniter4\\public\\index.php')
CRITICAL - 2025-07-17 15:56:09 --> CodeIgniter\View\Exceptions\ViewException: Invalid file: "landing/index.php"
[Method: GET, Route: /]
in SYSTEMPATH\Exceptions\FrameworkException.php on line 39.
 1 SYSTEMPATH\View\View.php(212): CodeIgniter\Exceptions\FrameworkException::forInvalidFile('landing/index.php')
 2 SYSTEMPATH\Common.php(1173): CodeIgniter\View\View->render('landing/index', [], true)
 3 APPPATH\Controllers\Landing.php(9): view('landing/index')
 4 SYSTEMPATH\CodeIgniter.php(933): App\Controllers\Landing->index()
 5 SYSTEMPATH\CodeIgniter.php(507): CodeIgniter\CodeIgniter->runController(Object(App\Controllers\Landing))
 6 SYSTEMPATH\CodeIgniter.php(354): CodeIgniter\CodeIgniter->handleRequest(null, Object(Config\Cache), false)
 7 SYSTEMPATH\Boot.php(334): CodeIgniter\CodeIgniter->run()
 8 SYSTEMPATH\Boot.php(67): CodeIgniter\Boot::runCodeIgniter(Object(CodeIgniter\CodeIgniter))
 9 FCPATH\index.php(59): CodeIgniter\Boot::bootWeb(Object(Config\Paths))
10 SYSTEMPATH\rewrite.php(44): require_once('C:\\xampp\\htdocs\\aplikasi_pengelola_kos\\codeigniter4\\public\\index.php')
CRITICAL - 2025-07-17 15:56:10 --> CodeIgniter\View\Exceptions\ViewException: Invalid file: "landing/index.php"
[Method: GET, Route: /]
in SYSTEMPATH\Exceptions\FrameworkException.php on line 39.
 1 SYSTEMPATH\View\View.php(212): CodeIgniter\Exceptions\FrameworkException::forInvalidFile('landing/index.php')
 2 SYSTEMPATH\Common.php(1173): CodeIgniter\View\View->render('landing/index', [], true)
 3 APPPATH\Controllers\Landing.php(9): view('landing/index')
 4 SYSTEMPATH\CodeIgniter.php(933): App\Controllers\Landing->index()
 5 SYSTEMPATH\CodeIgniter.php(507): CodeIgniter\CodeIgniter->runController(Object(App\Controllers\Landing))
 6 SYSTEMPATH\CodeIgniter.php(354): CodeIgniter\CodeIgniter->handleRequest(null, Object(Config\Cache), false)
 7 SYSTEMPATH\Boot.php(334): CodeIgniter\CodeIgniter->run()
 8 SYSTEMPATH\Boot.php(67): CodeIgniter\Boot::runCodeIgniter(Object(CodeIgniter\CodeIgniter))
 9 FCPATH\index.php(59): CodeIgniter\Boot::bootWeb(Object(Config\Paths))
10 SYSTEMPATH\rewrite.php(44): require_once('C:\\xampp\\htdocs\\aplikasi_pengelola_kos\\codeigniter4\\public\\index.php')
CRITICAL - 2025-07-17 15:57:17 --> CodeIgniter\View\Exceptions\ViewException: Invalid file: "landing/index.php"
[Method: GET, Route: /]
in SYSTEMPATH\Exceptions\FrameworkException.php on line 39.
 1 SYSTEMPATH\View\View.php(212): CodeIgniter\Exceptions\FrameworkException::forInvalidFile('landing/index.php')
 2 SYSTEMPATH\Common.php(1173): CodeIgniter\View\View->render('landing/index', [], true)
 3 APPPATH\Controllers\Landing.php(9): view('landing/index')
 4 SYSTEMPATH\CodeIgniter.php(933): App\Controllers\Landing->index()
 5 SYSTEMPATH\CodeIgniter.php(507): CodeIgniter\CodeIgniter->runController(Object(App\Controllers\Landing))
 6 SYSTEMPATH\CodeIgniter.php(354): CodeIgniter\CodeIgniter->handleRequest(null, Object(Config\Cache), false)
 7 SYSTEMPATH\Boot.php(334): CodeIgniter\CodeIgniter->run()
 8 SYSTEMPATH\Boot.php(67): CodeIgniter\Boot::runCodeIgniter(Object(CodeIgniter\CodeIgniter))
 9 FCPATH\index.php(59): CodeIgniter\Boot::bootWeb(Object(Config\Paths))
10 SYSTEMPATH\rewrite.php(44): require_once('C:\\xampp\\htdocs\\aplikasi_pengelola_kos\\codeigniter4\\public\\index.php')
CRITICAL - 2025-07-17 15:57:48 --> CodeIgniter\View\Exceptions\ViewException: Invalid file: "landing/index.php"
[Method: GET, Route: /]
in SYSTEMPATH\Exceptions\FrameworkException.php on line 39.
 1 SYSTEMPATH\View\View.php(212): CodeIgniter\Exceptions\FrameworkException::forInvalidFile('landing/index.php')
 2 SYSTEMPATH\Common.php(1173): CodeIgniter\View\View->render('landing/index', [], true)
 3 APPPATH\Controllers\Landing.php(9): view('landing/index')
 4 SYSTEMPATH\CodeIgniter.php(933): App\Controllers\Landing->index()
 5 SYSTEMPATH\CodeIgniter.php(507): CodeIgniter\CodeIgniter->runController(Object(App\Controllers\Landing))
 6 SYSTEMPATH\CodeIgniter.php(354): CodeIgniter\CodeIgniter->handleRequest(null, Object(Config\Cache), false)
 7 SYSTEMPATH\Boot.php(334): CodeIgniter\CodeIgniter->run()
 8 SYSTEMPATH\Boot.php(67): CodeIgniter\Boot::runCodeIgniter(Object(CodeIgniter\CodeIgniter))
 9 FCPATH\index.php(59): CodeIgniter\Boot::bootWeb(Object(Config\Paths))
10 SYSTEMPATH\rewrite.php(44): require_once('C:\\xampp\\htdocs\\aplikasi_pengelola_kos\\codeigniter4\\public\\index.php')
CRITICAL - 2025-07-17 15:58:47 --> CodeIgniter\View\Exceptions\ViewException: Invalid file: "landing/index.php"
[Method: GET, Route: landing]
in SYSTEMPATH\Exceptions\FrameworkException.php on line 39.
 1 SYSTEMPATH\View\View.php(212): CodeIgniter\Exceptions\FrameworkException::forInvalidFile('landing/index.php')
 2 SYSTEMPATH\Common.php(1173): CodeIgniter\View\View->render('landing/index', [], true)
 3 APPPATH\Controllers\Landing.php(9): view('landing/index')
 4 SYSTEMPATH\CodeIgniter.php(933): App\Controllers\Landing->index()
 5 SYSTEMPATH\CodeIgniter.php(507): CodeIgniter\CodeIgniter->runController(Object(App\Controllers\Landing))
 6 SYSTEMPATH\CodeIgniter.php(354): CodeIgniter\CodeIgniter->handleRequest(null, Object(Config\Cache), false)
 7 SYSTEMPATH\Boot.php(334): CodeIgniter\CodeIgniter->run()
 8 SYSTEMPATH\Boot.php(67): CodeIgniter\Boot::runCodeIgniter(Object(CodeIgniter\CodeIgniter))
 9 FCPATH\index.php(59): CodeIgniter\Boot::bootWeb(Object(Config\Paths))
10 SYSTEMPATH\rewrite.php(44): require_once('C:\\xampp\\htdocs\\aplikasi_pengelola_kos\\codeigniter4\\public\\index.php')
CRITICAL - 2025-07-17 15:58:50 --> CodeIgniter\View\Exceptions\ViewException: Invalid file: "landing/index.php"
[Method: GET, Route: landing]
in SYSTEMPATH\Exceptions\FrameworkException.php on line 39.
 1 SYSTEMPATH\View\View.php(212): CodeIgniter\Exceptions\FrameworkException::forInvalidFile('landing/index.php')
 2 SYSTEMPATH\Common.php(1173): CodeIgniter\View\View->render('landing/index', [], true)
 3 APPPATH\Controllers\Landing.php(9): view('landing/index')
 4 SYSTEMPATH\CodeIgniter.php(933): App\Controllers\Landing->index()
 5 SYSTEMPATH\CodeIgniter.php(507): CodeIgniter\CodeIgniter->runController(Object(App\Controllers\Landing))
 6 SYSTEMPATH\CodeIgniter.php(354): CodeIgniter\CodeIgniter->handleRequest(null, Object(Config\Cache), false)
 7 SYSTEMPATH\Boot.php(334): CodeIgniter\CodeIgniter->run()
 8 SYSTEMPATH\Boot.php(67): CodeIgniter\Boot::runCodeIgniter(Object(CodeIgniter\CodeIgniter))
 9 FCPATH\index.php(59): CodeIgniter\Boot::bootWeb(Object(Config\Paths))
10 SYSTEMPATH\rewrite.php(44): require_once('C:\\xampp\\htdocs\\aplikasi_pengelola_kos\\codeigniter4\\public\\index.php')
CRITICAL - 2025-07-17 15:58:51 --> CodeIgniter\View\Exceptions\ViewException: Invalid file: "landing/index.php"
[Method: GET, Route: landing]
in SYSTEMPATH\Exceptions\FrameworkException.php on line 39.
 1 SYSTEMPATH\View\View.php(212): CodeIgniter\Exceptions\FrameworkException::forInvalidFile('landing/index.php')
 2 SYSTEMPATH\Common.php(1173): CodeIgniter\View\View->render('landing/index', [], true)
 3 APPPATH\Controllers\Landing.php(9): view('landing/index')
 4 SYSTEMPATH\CodeIgniter.php(933): App\Controllers\Landing->index()
 5 SYSTEMPATH\CodeIgniter.php(507): CodeIgniter\CodeIgniter->runController(Object(App\Controllers\Landing))
 6 SYSTEMPATH\CodeIgniter.php(354): CodeIgniter\CodeIgniter->handleRequest(null, Object(Config\Cache), false)
 7 SYSTEMPATH\Boot.php(334): CodeIgniter\CodeIgniter->run()
 8 SYSTEMPATH\Boot.php(67): CodeIgniter\Boot::runCodeIgniter(Object(CodeIgniter\CodeIgniter))
 9 FCPATH\index.php(59): CodeIgniter\Boot::bootWeb(Object(Config\Paths))
10 SYSTEMPATH\rewrite.php(44): require_once('C:\\xampp\\htdocs\\aplikasi_pengelola_kos\\codeigniter4\\public\\index.php')
CRITICAL - 2025-07-17 15:58:51 --> CodeIgniter\View\Exceptions\ViewException: Invalid file: "landing/index.php"
[Method: GET, Route: landing]
in SYSTEMPATH\Exceptions\FrameworkException.php on line 39.
 1 SYSTEMPATH\View\View.php(212): CodeIgniter\Exceptions\FrameworkException::forInvalidFile('landing/index.php')
 2 SYSTEMPATH\Common.php(1173): CodeIgniter\View\View->render('landing/index', [], true)
 3 APPPATH\Controllers\Landing.php(9): view('landing/index')
 4 SYSTEMPATH\CodeIgniter.php(933): App\Controllers\Landing->index()
 5 SYSTEMPATH\CodeIgniter.php(507): CodeIgniter\CodeIgniter->runController(Object(App\Controllers\Landing))
 6 SYSTEMPATH\CodeIgniter.php(354): CodeIgniter\CodeIgniter->handleRequest(null, Object(Config\Cache), false)
 7 SYSTEMPATH\Boot.php(334): CodeIgniter\CodeIgniter->run()
 8 SYSTEMPATH\Boot.php(67): CodeIgniter\Boot::runCodeIgniter(Object(CodeIgniter\CodeIgniter))
 9 FCPATH\index.php(59): CodeIgniter\Boot::bootWeb(Object(Config\Paths))
10 SYSTEMPATH\rewrite.php(44): require_once('C:\\xampp\\htdocs\\aplikasi_pengelola_kos\\codeigniter4\\public\\index.php')
CRITICAL - 2025-07-17 15:59:26 --> CodeIgniter\View\Exceptions\ViewException: Invalid file: "landing/index.php"
[Method: GET, Route: landing]
in SYSTEMPATH\Exceptions\FrameworkException.php on line 39.
 1 SYSTEMPATH\View\View.php(212): CodeIgniter\Exceptions\FrameworkException::forInvalidFile('landing/index.php')
 2 SYSTEMPATH\Common.php(1173): CodeIgniter\View\View->render('landing/index', [], true)
 3 APPPATH\Controllers\Landing.php(9): view('landing/index')
 4 SYSTEMPATH\CodeIgniter.php(933): App\Controllers\Landing->index()
 5 SYSTEMPATH\CodeIgniter.php(507): CodeIgniter\CodeIgniter->runController(Object(App\Controllers\Landing))
 6 SYSTEMPATH\CodeIgniter.php(354): CodeIgniter\CodeIgniter->handleRequest(null, Object(Config\Cache), false)
 7 SYSTEMPATH\Boot.php(334): CodeIgniter\CodeIgniter->run()
 8 SYSTEMPATH\Boot.php(67): CodeIgniter\Boot::runCodeIgniter(Object(CodeIgniter\CodeIgniter))
 9 FCPATH\index.php(59): CodeIgniter\Boot::bootWeb(Object(Config\Paths))
10 SYSTEMPATH\rewrite.php(44): require_once('C:\\xampp\\htdocs\\aplikasi_pengelola_kos\\codeigniter4\\public\\index.php')
CRITICAL - 2025-07-17 16:01:24 --> CodeIgniter\View\Exceptions\ViewException: Invalid file: "landing/index.php"
[Method: GET, Route: landing]
in SYSTEMPATH\Exceptions\FrameworkException.php on line 39.
 1 SYSTEMPATH\View\View.php(212): CodeIgniter\Exceptions\FrameworkException::forInvalidFile('landing/index.php')
 2 SYSTEMPATH\Common.php(1173): CodeIgniter\View\View->render('landing/index', [], true)
 3 APPPATH\Controllers\Landing.php(9): view('landing/index')
 4 SYSTEMPATH\CodeIgniter.php(933): App\Controllers\Landing->index()
 5 SYSTEMPATH\CodeIgniter.php(507): CodeIgniter\CodeIgniter->runController(Object(App\Controllers\Landing))
 6 SYSTEMPATH\CodeIgniter.php(354): CodeIgniter\CodeIgniter->handleRequest(null, Object(Config\Cache), false)
 7 SYSTEMPATH\Boot.php(334): CodeIgniter\CodeIgniter->run()
 8 SYSTEMPATH\Boot.php(67): CodeIgniter\Boot::runCodeIgniter(Object(CodeIgniter\CodeIgniter))
 9 FCPATH\index.php(59): CodeIgniter\Boot::bootWeb(Object(Config\Paths))
10 SYSTEMPATH\rewrite.php(44): require_once('C:\\xampp\\htdocs\\aplikasi_pengelola_kos\\codeigniter4\\public\\index.php')
CRITICAL - 2025-07-17 16:01:25 --> CodeIgniter\View\Exceptions\ViewException: Invalid file: "landing/index.php"
[Method: GET, Route: landing]
in SYSTEMPATH\Exceptions\FrameworkException.php on line 39.
 1 SYSTEMPATH\View\View.php(212): CodeIgniter\Exceptions\FrameworkException::forInvalidFile('landing/index.php')
 2 SYSTEMPATH\Common.php(1173): CodeIgniter\View\View->render('landing/index', [], true)
 3 APPPATH\Controllers\Landing.php(9): view('landing/index')
 4 SYSTEMPATH\CodeIgniter.php(933): App\Controllers\Landing->index()
 5 SYSTEMPATH\CodeIgniter.php(507): CodeIgniter\CodeIgniter->runController(Object(App\Controllers\Landing))
 6 SYSTEMPATH\CodeIgniter.php(354): CodeIgniter\CodeIgniter->handleRequest(null, Object(Config\Cache), false)
 7 SYSTEMPATH\Boot.php(334): CodeIgniter\CodeIgniter->run()
 8 SYSTEMPATH\Boot.php(67): CodeIgniter\Boot::runCodeIgniter(Object(CodeIgniter\CodeIgniter))
 9 FCPATH\index.php(59): CodeIgniter\Boot::bootWeb(Object(Config\Paths))
10 SYSTEMPATH\rewrite.php(44): require_once('C:\\xampp\\htdocs\\aplikasi_pengelola_kos\\codeigniter4\\public\\index.php')
CRITICAL - 2025-07-17 16:01:25 --> CodeIgniter\View\Exceptions\ViewException: Invalid file: "landing/index.php"
[Method: GET, Route: landing]
in SYSTEMPATH\Exceptions\FrameworkException.php on line 39.
 1 SYSTEMPATH\View\View.php(212): CodeIgniter\Exceptions\FrameworkException::forInvalidFile('landing/index.php')
 2 SYSTEMPATH\Common.php(1173): CodeIgniter\View\View->render('landing/index', [], true)
 3 APPPATH\Controllers\Landing.php(9): view('landing/index')
 4 SYSTEMPATH\CodeIgniter.php(933): App\Controllers\Landing->index()
 5 SYSTEMPATH\CodeIgniter.php(507): CodeIgniter\CodeIgniter->runController(Object(App\Controllers\Landing))
 6 SYSTEMPATH\CodeIgniter.php(354): CodeIgniter\CodeIgniter->handleRequest(null, Object(Config\Cache), false)
 7 SYSTEMPATH\Boot.php(334): CodeIgniter\CodeIgniter->run()
 8 SYSTEMPATH\Boot.php(67): CodeIgniter\Boot::runCodeIgniter(Object(CodeIgniter\CodeIgniter))
 9 FCPATH\index.php(59): CodeIgniter\Boot::bootWeb(Object(Config\Paths))
10 SYSTEMPATH\rewrite.php(44): require_once('C:\\xampp\\htdocs\\aplikasi_pengelola_kos\\codeigniter4\\public\\index.php')
CRITICAL - 2025-07-17 16:01:26 --> CodeIgniter\View\Exceptions\ViewException: Invalid file: "landing/index.php"
[Method: GET, Route: landing]
in SYSTEMPATH\Exceptions\FrameworkException.php on line 39.
 1 SYSTEMPATH\View\View.php(212): CodeIgniter\Exceptions\FrameworkException::forInvalidFile('landing/index.php')
 2 SYSTEMPATH\Common.php(1173): CodeIgniter\View\View->render('landing/index', [], true)
 3 APPPATH\Controllers\Landing.php(9): view('landing/index')
 4 SYSTEMPATH\CodeIgniter.php(933): App\Controllers\Landing->index()
 5 SYSTEMPATH\CodeIgniter.php(507): CodeIgniter\CodeIgniter->runController(Object(App\Controllers\Landing))
 6 SYSTEMPATH\CodeIgniter.php(354): CodeIgniter\CodeIgniter->handleRequest(null, Object(Config\Cache), false)
 7 SYSTEMPATH\Boot.php(334): CodeIgniter\CodeIgniter->run()
 8 SYSTEMPATH\Boot.php(67): CodeIgniter\Boot::runCodeIgniter(Object(CodeIgniter\CodeIgniter))
 9 FCPATH\index.php(59): CodeIgniter\Boot::bootWeb(Object(Config\Paths))
10 SYSTEMPATH\rewrite.php(44): require_once('C:\\xampp\\htdocs\\aplikasi_pengelola_kos\\codeigniter4\\public\\index.php')
CRITICAL - 2025-07-17 16:01:26 --> CodeIgniter\View\Exceptions\ViewException: Invalid file: "landing/index.php"
[Method: GET, Route: landing]
in SYSTEMPATH\Exceptions\FrameworkException.php on line 39.
 1 SYSTEMPATH\View\View.php(212): CodeIgniter\Exceptions\FrameworkException::forInvalidFile('landing/index.php')
 2 SYSTEMPATH\Common.php(1173): CodeIgniter\View\View->render('landing/index', [], true)
 3 APPPATH\Controllers\Landing.php(9): view('landing/index')
 4 SYSTEMPATH\CodeIgniter.php(933): App\Controllers\Landing->index()
 5 SYSTEMPATH\CodeIgniter.php(507): CodeIgniter\CodeIgniter->runController(Object(App\Controllers\Landing))
 6 SYSTEMPATH\CodeIgniter.php(354): CodeIgniter\CodeIgniter->handleRequest(null, Object(Config\Cache), false)
 7 SYSTEMPATH\Boot.php(334): CodeIgniter\CodeIgniter->run()
 8 SYSTEMPATH\Boot.php(67): CodeIgniter\Boot::runCodeIgniter(Object(CodeIgniter\CodeIgniter))
 9 FCPATH\index.php(59): CodeIgniter\Boot::bootWeb(Object(Config\Paths))
10 SYSTEMPATH\rewrite.php(44): require_once('C:\\xampp\\htdocs\\aplikasi_pengelola_kos\\codeigniter4\\public\\index.php')
CRITICAL - 2025-07-17 16:01:42 --> CodeIgniter\View\Exceptions\ViewException: Invalid file: "landing/index.php"
[Method: GET, Route: landing]
in SYSTEMPATH\Exceptions\FrameworkException.php on line 39.
 1 SYSTEMPATH\View\View.php(212): CodeIgniter\Exceptions\FrameworkException::forInvalidFile('landing/index.php')
 2 SYSTEMPATH\Common.php(1173): CodeIgniter\View\View->render('landing/index', [], true)
 3 APPPATH\Controllers\Landing.php(9): view('landing/index')
 4 SYSTEMPATH\CodeIgniter.php(933): App\Controllers\Landing->index()
 5 SYSTEMPATH\CodeIgniter.php(507): CodeIgniter\CodeIgniter->runController(Object(App\Controllers\Landing))
 6 SYSTEMPATH\CodeIgniter.php(354): CodeIgniter\CodeIgniter->handleRequest(null, Object(Config\Cache), false)
 7 SYSTEMPATH\Boot.php(334): CodeIgniter\CodeIgniter->run()
 8 SYSTEMPATH\Boot.php(67): CodeIgniter\Boot::runCodeIgniter(Object(CodeIgniter\CodeIgniter))
 9 FCPATH\index.php(59): CodeIgniter\Boot::bootWeb(Object(Config\Paths))
10 SYSTEMPATH\rewrite.php(44): require_once('C:\\xampp\\htdocs\\aplikasi_pengelola_kos\\codeigniter4\\public\\index.php')
CRITICAL - 2025-07-17 16:01:44 --> CodeIgniter\View\Exceptions\ViewException: Invalid file: "landing/index.php"
[Method: GET, Route: landing]
in SYSTEMPATH\Exceptions\FrameworkException.php on line 39.
 1 SYSTEMPATH\View\View.php(212): CodeIgniter\Exceptions\FrameworkException::forInvalidFile('landing/index.php')
 2 SYSTEMPATH\Common.php(1173): CodeIgniter\View\View->render('landing/index', [], true)
 3 APPPATH\Controllers\Landing.php(9): view('landing/index')
 4 SYSTEMPATH\CodeIgniter.php(933): App\Controllers\Landing->index()
 5 SYSTEMPATH\CodeIgniter.php(507): CodeIgniter\CodeIgniter->runController(Object(App\Controllers\Landing))
 6 SYSTEMPATH\CodeIgniter.php(354): CodeIgniter\CodeIgniter->handleRequest(null, Object(Config\Cache), false)
 7 SYSTEMPATH\Boot.php(334): CodeIgniter\CodeIgniter->run()
 8 SYSTEMPATH\Boot.php(67): CodeIgniter\Boot::runCodeIgniter(Object(CodeIgniter\CodeIgniter))
 9 FCPATH\index.php(59): CodeIgniter\Boot::bootWeb(Object(Config\Paths))
10 SYSTEMPATH\rewrite.php(44): require_once('C:\\xampp\\htdocs\\aplikasi_pengelola_kos\\codeigniter4\\public\\index.php')
CRITICAL - 2025-07-17 16:01:44 --> CodeIgniter\View\Exceptions\ViewException: Invalid file: "landing/index.php"
[Method: GET, Route: landing]
in SYSTEMPATH\Exceptions\FrameworkException.php on line 39.
 1 SYSTEMPATH\View\View.php(212): CodeIgniter\Exceptions\FrameworkException::forInvalidFile('landing/index.php')
 2 SYSTEMPATH\Common.php(1173): CodeIgniter\View\View->render('landing/index', [], true)
 3 APPPATH\Controllers\Landing.php(9): view('landing/index')
 4 SYSTEMPATH\CodeIgniter.php(933): App\Controllers\Landing->index()
 5 SYSTEMPATH\CodeIgniter.php(507): CodeIgniter\CodeIgniter->runController(Object(App\Controllers\Landing))
 6 SYSTEMPATH\CodeIgniter.php(354): CodeIgniter\CodeIgniter->handleRequest(null, Object(Config\Cache), false)
 7 SYSTEMPATH\Boot.php(334): CodeIgniter\CodeIgniter->run()
 8 SYSTEMPATH\Boot.php(67): CodeIgniter\Boot::runCodeIgniter(Object(CodeIgniter\CodeIgniter))
 9 FCPATH\index.php(59): CodeIgniter\Boot::bootWeb(Object(Config\Paths))
10 SYSTEMPATH\rewrite.php(44): require_once('C:\\xampp\\htdocs\\aplikasi_pengelola_kos\\codeigniter4\\public\\index.php')
CRITICAL - 2025-07-17 16:01:45 --> CodeIgniter\View\Exceptions\ViewException: Invalid file: "landing/index.php"
[Method: GET, Route: landing]
in SYSTEMPATH\Exceptions\FrameworkException.php on line 39.
 1 SYSTEMPATH\View\View.php(212): CodeIgniter\Exceptions\FrameworkException::forInvalidFile('landing/index.php')
 2 SYSTEMPATH\Common.php(1173): CodeIgniter\View\View->render('landing/index', [], true)
 3 APPPATH\Controllers\Landing.php(9): view('landing/index')
 4 SYSTEMPATH\CodeIgniter.php(933): App\Controllers\Landing->index()
 5 SYSTEMPATH\CodeIgniter.php(507): CodeIgniter\CodeIgniter->runController(Object(App\Controllers\Landing))
 6 SYSTEMPATH\CodeIgniter.php(354): CodeIgniter\CodeIgniter->handleRequest(null, Object(Config\Cache), false)
 7 SYSTEMPATH\Boot.php(334): CodeIgniter\CodeIgniter->run()
 8 SYSTEMPATH\Boot.php(67): CodeIgniter\Boot::runCodeIgniter(Object(CodeIgniter\CodeIgniter))
 9 FCPATH\index.php(59): CodeIgniter\Boot::bootWeb(Object(Config\Paths))
10 SYSTEMPATH\rewrite.php(44): require_once('C:\\xampp\\htdocs\\aplikasi_pengelola_kos\\codeigniter4\\public\\index.php')
CRITICAL - 2025-07-17 16:01:45 --> CodeIgniter\View\Exceptions\ViewException: Invalid file: "landing/index.php"
[Method: GET, Route: landing]
in SYSTEMPATH\Exceptions\FrameworkException.php on line 39.
 1 SYSTEMPATH\View\View.php(212): CodeIgniter\Exceptions\FrameworkException::forInvalidFile('landing/index.php')
 2 SYSTEMPATH\Common.php(1173): CodeIgniter\View\View->render('landing/index', [], true)
 3 APPPATH\Controllers\Landing.php(9): view('landing/index')
 4 SYSTEMPATH\CodeIgniter.php(933): App\Controllers\Landing->index()
 5 SYSTEMPATH\CodeIgniter.php(507): CodeIgniter\CodeIgniter->runController(Object(App\Controllers\Landing))
 6 SYSTEMPATH\CodeIgniter.php(354): CodeIgniter\CodeIgniter->handleRequest(null, Object(Config\Cache), false)
 7 SYSTEMPATH\Boot.php(334): CodeIgniter\CodeIgniter->run()
 8 SYSTEMPATH\Boot.php(67): CodeIgniter\Boot::runCodeIgniter(Object(CodeIgniter\CodeIgniter))
 9 FCPATH\index.php(59): CodeIgniter\Boot::bootWeb(Object(Config\Paths))
10 SYSTEMPATH\rewrite.php(44): require_once('C:\\xampp\\htdocs\\aplikasi_pengelola_kos\\codeigniter4\\public\\index.php')
CRITICAL - 2025-07-17 16:01:45 --> CodeIgniter\View\Exceptions\ViewException: Invalid file: "landing/index.php"
[Method: GET, Route: landing]
in SYSTEMPATH\Exceptions\FrameworkException.php on line 39.
 1 SYSTEMPATH\View\View.php(212): CodeIgniter\Exceptions\FrameworkException::forInvalidFile('landing/index.php')
 2 SYSTEMPATH\Common.php(1173): CodeIgniter\View\View->render('landing/index', [], true)
 3 APPPATH\Controllers\Landing.php(9): view('landing/index')
 4 SYSTEMPATH\CodeIgniter.php(933): App\Controllers\Landing->index()
 5 SYSTEMPATH\CodeIgniter.php(507): CodeIgniter\CodeIgniter->runController(Object(App\Controllers\Landing))
 6 SYSTEMPATH\CodeIgniter.php(354): CodeIgniter\CodeIgniter->handleRequest(null, Object(Config\Cache), false)
 7 SYSTEMPATH\Boot.php(334): CodeIgniter\CodeIgniter->run()
 8 SYSTEMPATH\Boot.php(67): CodeIgniter\Boot::runCodeIgniter(Object(CodeIgniter\CodeIgniter))
 9 FCPATH\index.php(59): CodeIgniter\Boot::bootWeb(Object(Config\Paths))
10 SYSTEMPATH\rewrite.php(44): require_once('C:\\xampp\\htdocs\\aplikasi_pengelola_kos\\codeigniter4\\public\\index.php')
CRITICAL - 2025-07-17 16:01:45 --> CodeIgniter\View\Exceptions\ViewException: Invalid file: "landing/index.php"
[Method: GET, Route: landing]
in SYSTEMPATH\Exceptions\FrameworkException.php on line 39.
 1 SYSTEMPATH\View\View.php(212): CodeIgniter\Exceptions\FrameworkException::forInvalidFile('landing/index.php')
 2 SYSTEMPATH\Common.php(1173): CodeIgniter\View\View->render('landing/index', [], true)
 3 APPPATH\Controllers\Landing.php(9): view('landing/index')
 4 SYSTEMPATH\CodeIgniter.php(933): App\Controllers\Landing->index()
 5 SYSTEMPATH\CodeIgniter.php(507): CodeIgniter\CodeIgniter->runController(Object(App\Controllers\Landing))
 6 SYSTEMPATH\CodeIgniter.php(354): CodeIgniter\CodeIgniter->handleRequest(null, Object(Config\Cache), false)
 7 SYSTEMPATH\Boot.php(334): CodeIgniter\CodeIgniter->run()
 8 SYSTEMPATH\Boot.php(67): CodeIgniter\Boot::runCodeIgniter(Object(CodeIgniter\CodeIgniter))
 9 FCPATH\index.php(59): CodeIgniter\Boot::bootWeb(Object(Config\Paths))
10 SYSTEMPATH\rewrite.php(44): require_once('C:\\xampp\\htdocs\\aplikasi_pengelola_kos\\codeigniter4\\public\\index.php')
CRITICAL - 2025-07-17 16:01:45 --> CodeIgniter\View\Exceptions\ViewException: Invalid file: "landing/index.php"
[Method: GET, Route: landing]
in SYSTEMPATH\Exceptions\FrameworkException.php on line 39.
 1 SYSTEMPATH\View\View.php(212): CodeIgniter\Exceptions\FrameworkException::forInvalidFile('landing/index.php')
 2 SYSTEMPATH\Common.php(1173): CodeIgniter\View\View->render('landing/index', [], true)
 3 APPPATH\Controllers\Landing.php(9): view('landing/index')
 4 SYSTEMPATH\CodeIgniter.php(933): App\Controllers\Landing->index()
 5 SYSTEMPATH\CodeIgniter.php(507): CodeIgniter\CodeIgniter->runController(Object(App\Controllers\Landing))
 6 SYSTEMPATH\CodeIgniter.php(354): CodeIgniter\CodeIgniter->handleRequest(null, Object(Config\Cache), false)
 7 SYSTEMPATH\Boot.php(334): CodeIgniter\CodeIgniter->run()
 8 SYSTEMPATH\Boot.php(67): CodeIgniter\Boot::runCodeIgniter(Object(CodeIgniter\CodeIgniter))
 9 FCPATH\index.php(59): CodeIgniter\Boot::bootWeb(Object(Config\Paths))
10 SYSTEMPATH\rewrite.php(44): require_once('C:\\xampp\\htdocs\\aplikasi_pengelola_kos\\codeigniter4\\public\\index.php')
CRITICAL - 2025-07-17 16:01:46 --> CodeIgniter\View\Exceptions\ViewException: Invalid file: "landing/index.php"
[Method: GET, Route: landing]
in SYSTEMPATH\Exceptions\FrameworkException.php on line 39.
 1 SYSTEMPATH\View\View.php(212): CodeIgniter\Exceptions\FrameworkException::forInvalidFile('landing/index.php')
 2 SYSTEMPATH\Common.php(1173): CodeIgniter\View\View->render('landing/index', [], true)
 3 APPPATH\Controllers\Landing.php(9): view('landing/index')
 4 SYSTEMPATH\CodeIgniter.php(933): App\Controllers\Landing->index()
 5 SYSTEMPATH\CodeIgniter.php(507): CodeIgniter\CodeIgniter->runController(Object(App\Controllers\Landing))
 6 SYSTEMPATH\CodeIgniter.php(354): CodeIgniter\CodeIgniter->handleRequest(null, Object(Config\Cache), false)
 7 SYSTEMPATH\Boot.php(334): CodeIgniter\CodeIgniter->run()
 8 SYSTEMPATH\Boot.php(67): CodeIgniter\Boot::runCodeIgniter(Object(CodeIgniter\CodeIgniter))
 9 FCPATH\index.php(59): CodeIgniter\Boot::bootWeb(Object(Config\Paths))
10 SYSTEMPATH\rewrite.php(44): require_once('C:\\xampp\\htdocs\\aplikasi_pengelola_kos\\codeigniter4\\public\\index.php')
CRITICAL - 2025-07-17 16:01:48 --> CodeIgniter\View\Exceptions\ViewException: Invalid file: "landing/index.php"
[Method: GET, Route: landing]
in SYSTEMPATH\Exceptions\FrameworkException.php on line 39.
 1 SYSTEMPATH\View\View.php(212): CodeIgniter\Exceptions\FrameworkException::forInvalidFile('landing/index.php')
 2 SYSTEMPATH\Common.php(1173): CodeIgniter\View\View->render('landing/index', [], true)
 3 APPPATH\Controllers\Landing.php(9): view('landing/index')
 4 SYSTEMPATH\CodeIgniter.php(933): App\Controllers\Landing->index()
 5 SYSTEMPATH\CodeIgniter.php(507): CodeIgniter\CodeIgniter->runController(Object(App\Controllers\Landing))
 6 SYSTEMPATH\CodeIgniter.php(354): CodeIgniter\CodeIgniter->handleRequest(null, Object(Config\Cache), false)
 7 SYSTEMPATH\Boot.php(334): CodeIgniter\CodeIgniter->run()
 8 SYSTEMPATH\Boot.php(67): CodeIgniter\Boot::runCodeIgniter(Object(CodeIgniter\CodeIgniter))
 9 FCPATH\index.php(59): CodeIgniter\Boot::bootWeb(Object(Config\Paths))
10 SYSTEMPATH\rewrite.php(44): require_once('C:\\xampp\\htdocs\\aplikasi_pengelola_kos\\codeigniter4\\public\\index.php')
CRITICAL - 2025-07-17 16:01:48 --> CodeIgniter\View\Exceptions\ViewException: Invalid file: "landing/index.php"
[Method: GET, Route: landing]
in SYSTEMPATH\Exceptions\FrameworkException.php on line 39.
 1 SYSTEMPATH\View\View.php(212): CodeIgniter\Exceptions\FrameworkException::forInvalidFile('landing/index.php')
 2 SYSTEMPATH\Common.php(1173): CodeIgniter\View\View->render('landing/index', [], true)
 3 APPPATH\Controllers\Landing.php(9): view('landing/index')
 4 SYSTEMPATH\CodeIgniter.php(933): App\Controllers\Landing->index()
 5 SYSTEMPATH\CodeIgniter.php(507): CodeIgniter\CodeIgniter->runController(Object(App\Controllers\Landing))
 6 SYSTEMPATH\CodeIgniter.php(354): CodeIgniter\CodeIgniter->handleRequest(null, Object(Config\Cache), false)
 7 SYSTEMPATH\Boot.php(334): CodeIgniter\CodeIgniter->run()
 8 SYSTEMPATH\Boot.php(67): CodeIgniter\Boot::runCodeIgniter(Object(CodeIgniter\CodeIgniter))
 9 FCPATH\index.php(59): CodeIgniter\Boot::bootWeb(Object(Config\Paths))
10 SYSTEMPATH\rewrite.php(44): require_once('C:\\xampp\\htdocs\\aplikasi_pengelola_kos\\codeigniter4\\public\\index.php')
CRITICAL - 2025-07-17 16:01:48 --> CodeIgniter\View\Exceptions\ViewException: Invalid file: "landing/index.php"
[Method: GET, Route: landing]
in SYSTEMPATH\Exceptions\FrameworkException.php on line 39.
 1 SYSTEMPATH\View\View.php(212): CodeIgniter\Exceptions\FrameworkException::forInvalidFile('landing/index.php')
 2 SYSTEMPATH\Common.php(1173): CodeIgniter\View\View->render('landing/index', [], true)
 3 APPPATH\Controllers\Landing.php(9): view('landing/index')
 4 SYSTEMPATH\CodeIgniter.php(933): App\Controllers\Landing->index()
 5 SYSTEMPATH\CodeIgniter.php(507): CodeIgniter\CodeIgniter->runController(Object(App\Controllers\Landing))
 6 SYSTEMPATH\CodeIgniter.php(354): CodeIgniter\CodeIgniter->handleRequest(null, Object(Config\Cache), false)
 7 SYSTEMPATH\Boot.php(334): CodeIgniter\CodeIgniter->run()
 8 SYSTEMPATH\Boot.php(67): CodeIgniter\Boot::runCodeIgniter(Object(CodeIgniter\CodeIgniter))
 9 FCPATH\index.php(59): CodeIgniter\Boot::bootWeb(Object(Config\Paths))
10 SYSTEMPATH\rewrite.php(44): require_once('C:\\xampp\\htdocs\\aplikasi_pengelola_kos\\codeigniter4\\public\\index.php')
CRITICAL - 2025-07-17 16:01:49 --> CodeIgniter\View\Exceptions\ViewException: Invalid file: "landing/index.php"
[Method: GET, Route: landing]
in SYSTEMPATH\Exceptions\FrameworkException.php on line 39.
 1 SYSTEMPATH\View\View.php(212): CodeIgniter\Exceptions\FrameworkException::forInvalidFile('landing/index.php')
 2 SYSTEMPATH\Common.php(1173): CodeIgniter\View\View->render('landing/index', [], true)
 3 APPPATH\Controllers\Landing.php(9): view('landing/index')
 4 SYSTEMPATH\CodeIgniter.php(933): App\Controllers\Landing->index()
 5 SYSTEMPATH\CodeIgniter.php(507): CodeIgniter\CodeIgniter->runController(Object(App\Controllers\Landing))
 6 SYSTEMPATH\CodeIgniter.php(354): CodeIgniter\CodeIgniter->handleRequest(null, Object(Config\Cache), false)
 7 SYSTEMPATH\Boot.php(334): CodeIgniter\CodeIgniter->run()
 8 SYSTEMPATH\Boot.php(67): CodeIgniter\Boot::runCodeIgniter(Object(CodeIgniter\CodeIgniter))
 9 FCPATH\index.php(59): CodeIgniter\Boot::bootWeb(Object(Config\Paths))
10 SYSTEMPATH\rewrite.php(44): require_once('C:\\xampp\\htdocs\\aplikasi_pengelola_kos\\codeigniter4\\public\\index.php')
CRITICAL - 2025-07-17 16:03:20 --> CodeIgniter\View\Exceptions\ViewException: Invalid file: "landing/index.php"
[Method: GET, Route: landing]
in SYSTEMPATH\Exceptions\FrameworkException.php on line 39.
 1 SYSTEMPATH\View\View.php(212): CodeIgniter\Exceptions\FrameworkException::forInvalidFile('landing/index.php')
 2 SYSTEMPATH\Common.php(1173): CodeIgniter\View\View->render('landing/index', [], true)
 3 APPPATH\Controllers\Landing.php(9): view('landing/index')
 4 SYSTEMPATH\CodeIgniter.php(933): App\Controllers\Landing->index()
 5 SYSTEMPATH\CodeIgniter.php(507): CodeIgniter\CodeIgniter->runController(Object(App\Controllers\Landing))
 6 SYSTEMPATH\CodeIgniter.php(354): CodeIgniter\CodeIgniter->handleRequest(null, Object(Config\Cache), false)
 7 SYSTEMPATH\Boot.php(334): CodeIgniter\CodeIgniter->run()
 8 SYSTEMPATH\Boot.php(67): CodeIgniter\Boot::runCodeIgniter(Object(CodeIgniter\CodeIgniter))
 9 FCPATH\index.php(59): CodeIgniter\Boot::bootWeb(Object(Config\Paths))
10 SYSTEMPATH\rewrite.php(44): require_once('C:\\xampp\\htdocs\\aplikasi_pengelola_kos\\codeigniter4\\public\\index.php')
CRITICAL - 2025-07-17 16:03:24 --> CodeIgniter\View\Exceptions\ViewException: Invalid file: "landing/index.php"
[Method: GET, Route: landing]
in SYSTEMPATH\Exceptions\FrameworkException.php on line 39.
 1 SYSTEMPATH\View\View.php(212): CodeIgniter\Exceptions\FrameworkException::forInvalidFile('landing/index.php')
 2 SYSTEMPATH\Common.php(1173): CodeIgniter\View\View->render('landing/index', [], true)
 3 APPPATH\Controllers\Landing.php(9): view('landing/index')
 4 SYSTEMPATH\CodeIgniter.php(933): App\Controllers\Landing->index()
 5 SYSTEMPATH\CodeIgniter.php(507): CodeIgniter\CodeIgniter->runController(Object(App\Controllers\Landing))
 6 SYSTEMPATH\CodeIgniter.php(354): CodeIgniter\CodeIgniter->handleRequest(null, Object(Config\Cache), false)
 7 SYSTEMPATH\Boot.php(334): CodeIgniter\CodeIgniter->run()
 8 SYSTEMPATH\Boot.php(67): CodeIgniter\Boot::runCodeIgniter(Object(CodeIgniter\CodeIgniter))
 9 FCPATH\index.php(59): CodeIgniter\Boot::bootWeb(Object(Config\Paths))
10 SYSTEMPATH\rewrite.php(44): require_once('C:\\xampp\\htdocs\\aplikasi_pengelola_kos\\codeigniter4\\public\\index.php')
CRITICAL - 2025-07-17 16:03:24 --> CodeIgniter\View\Exceptions\ViewException: Invalid file: "landing/index.php"
[Method: GET, Route: landing]
in SYSTEMPATH\Exceptions\FrameworkException.php on line 39.
 1 SYSTEMPATH\View\View.php(212): CodeIgniter\Exceptions\FrameworkException::forInvalidFile('landing/index.php')
 2 SYSTEMPATH\Common.php(1173): CodeIgniter\View\View->render('landing/index', [], true)
 3 APPPATH\Controllers\Landing.php(9): view('landing/index')
 4 SYSTEMPATH\CodeIgniter.php(933): App\Controllers\Landing->index()
 5 SYSTEMPATH\CodeIgniter.php(507): CodeIgniter\CodeIgniter->runController(Object(App\Controllers\Landing))
 6 SYSTEMPATH\CodeIgniter.php(354): CodeIgniter\CodeIgniter->handleRequest(null, Object(Config\Cache), false)
 7 SYSTEMPATH\Boot.php(334): CodeIgniter\CodeIgniter->run()
 8 SYSTEMPATH\Boot.php(67): CodeIgniter\Boot::runCodeIgniter(Object(CodeIgniter\CodeIgniter))
 9 FCPATH\index.php(59): CodeIgniter\Boot::bootWeb(Object(Config\Paths))
10 SYSTEMPATH\rewrite.php(44): require_once('C:\\xampp\\htdocs\\aplikasi_pengelola_kos\\codeigniter4\\public\\index.php')
CRITICAL - 2025-07-17 16:03:25 --> CodeIgniter\View\Exceptions\ViewException: Invalid file: "landing/index.php"
[Method: GET, Route: landing]
in SYSTEMPATH\Exceptions\FrameworkException.php on line 39.
 1 SYSTEMPATH\View\View.php(212): CodeIgniter\Exceptions\FrameworkException::forInvalidFile('landing/index.php')
 2 SYSTEMPATH\Common.php(1173): CodeIgniter\View\View->render('landing/index', [], true)
 3 APPPATH\Controllers\Landing.php(9): view('landing/index')
 4 SYSTEMPATH\CodeIgniter.php(933): App\Controllers\Landing->index()
 5 SYSTEMPATH\CodeIgniter.php(507): CodeIgniter\CodeIgniter->runController(Object(App\Controllers\Landing))
 6 SYSTEMPATH\CodeIgniter.php(354): CodeIgniter\CodeIgniter->handleRequest(null, Object(Config\Cache), false)
 7 SYSTEMPATH\Boot.php(334): CodeIgniter\CodeIgniter->run()
 8 SYSTEMPATH\Boot.php(67): CodeIgniter\Boot::runCodeIgniter(Object(CodeIgniter\CodeIgniter))
 9 FCPATH\index.php(59): CodeIgniter\Boot::bootWeb(Object(Config\Paths))
10 SYSTEMPATH\rewrite.php(44): require_once('C:\\xampp\\htdocs\\aplikasi_pengelola_kos\\codeigniter4\\public\\index.php')
CRITICAL - 2025-07-17 16:03:25 --> CodeIgniter\View\Exceptions\ViewException: Invalid file: "landing/index.php"
[Method: GET, Route: landing]
in SYSTEMPATH\Exceptions\FrameworkException.php on line 39.
 1 SYSTEMPATH\View\View.php(212): CodeIgniter\Exceptions\FrameworkException::forInvalidFile('landing/index.php')
 2 SYSTEMPATH\Common.php(1173): CodeIgniter\View\View->render('landing/index', [], true)
 3 APPPATH\Controllers\Landing.php(9): view('landing/index')
 4 SYSTEMPATH\CodeIgniter.php(933): App\Controllers\Landing->index()
 5 SYSTEMPATH\CodeIgniter.php(507): CodeIgniter\CodeIgniter->runController(Object(App\Controllers\Landing))
 6 SYSTEMPATH\CodeIgniter.php(354): CodeIgniter\CodeIgniter->handleRequest(null, Object(Config\Cache), false)
 7 SYSTEMPATH\Boot.php(334): CodeIgniter\CodeIgniter->run()
 8 SYSTEMPATH\Boot.php(67): CodeIgniter\Boot::runCodeIgniter(Object(CodeIgniter\CodeIgniter))
 9 FCPATH\index.php(59): CodeIgniter\Boot::bootWeb(Object(Config\Paths))
10 SYSTEMPATH\rewrite.php(44): require_once('C:\\xampp\\htdocs\\aplikasi_pengelola_kos\\codeigniter4\\public\\index.php')
CRITICAL - 2025-07-17 16:03:26 --> CodeIgniter\View\Exceptions\ViewException: Invalid file: "landing/index.php"
[Method: GET, Route: landing]
in SYSTEMPATH\Exceptions\FrameworkException.php on line 39.
 1 SYSTEMPATH\View\View.php(212): CodeIgniter\Exceptions\FrameworkException::forInvalidFile('landing/index.php')
 2 SYSTEMPATH\Common.php(1173): CodeIgniter\View\View->render('landing/index', [], true)
 3 APPPATH\Controllers\Landing.php(9): view('landing/index')
 4 SYSTEMPATH\CodeIgniter.php(933): App\Controllers\Landing->index()
 5 SYSTEMPATH\CodeIgniter.php(507): CodeIgniter\CodeIgniter->runController(Object(App\Controllers\Landing))
 6 SYSTEMPATH\CodeIgniter.php(354): CodeIgniter\CodeIgniter->handleRequest(null, Object(Config\Cache), false)
 7 SYSTEMPATH\Boot.php(334): CodeIgniter\CodeIgniter->run()
 8 SYSTEMPATH\Boot.php(67): CodeIgniter\Boot::runCodeIgniter(Object(CodeIgniter\CodeIgniter))
 9 FCPATH\index.php(59): CodeIgniter\Boot::bootWeb(Object(Config\Paths))
10 SYSTEMPATH\rewrite.php(44): require_once('C:\\xampp\\htdocs\\aplikasi_pengelola_kos\\codeigniter4\\public\\index.php')
CRITICAL - 2025-07-17 16:03:26 --> CodeIgniter\View\Exceptions\ViewException: Invalid file: "landing/index.php"
[Method: GET, Route: landing]
in SYSTEMPATH\Exceptions\FrameworkException.php on line 39.
 1 SYSTEMPATH\View\View.php(212): CodeIgniter\Exceptions\FrameworkException::forInvalidFile('landing/index.php')
 2 SYSTEMPATH\Common.php(1173): CodeIgniter\View\View->render('landing/index', [], true)
 3 APPPATH\Controllers\Landing.php(9): view('landing/index')
 4 SYSTEMPATH\CodeIgniter.php(933): App\Controllers\Landing->index()
 5 SYSTEMPATH\CodeIgniter.php(507): CodeIgniter\CodeIgniter->runController(Object(App\Controllers\Landing))
 6 SYSTEMPATH\CodeIgniter.php(354): CodeIgniter\CodeIgniter->handleRequest(null, Object(Config\Cache), false)
 7 SYSTEMPATH\Boot.php(334): CodeIgniter\CodeIgniter->run()
 8 SYSTEMPATH\Boot.php(67): CodeIgniter\Boot::runCodeIgniter(Object(CodeIgniter\CodeIgniter))
 9 FCPATH\index.php(59): CodeIgniter\Boot::bootWeb(Object(Config\Paths))
10 SYSTEMPATH\rewrite.php(44): require_once('C:\\xampp\\htdocs\\aplikasi_pengelola_kos\\codeigniter4\\public\\index.php')
CRITICAL - 2025-07-17 16:03:26 --> CodeIgniter\View\Exceptions\ViewException: Invalid file: "landing/index.php"
[Method: GET, Route: landing]
in SYSTEMPATH\Exceptions\FrameworkException.php on line 39.
 1 SYSTEMPATH\View\View.php(212): CodeIgniter\Exceptions\FrameworkException::forInvalidFile('landing/index.php')
 2 SYSTEMPATH\Common.php(1173): CodeIgniter\View\View->render('landing/index', [], true)
 3 APPPATH\Controllers\Landing.php(9): view('landing/index')
 4 SYSTEMPATH\CodeIgniter.php(933): App\Controllers\Landing->index()
 5 SYSTEMPATH\CodeIgniter.php(507): CodeIgniter\CodeIgniter->runController(Object(App\Controllers\Landing))
 6 SYSTEMPATH\CodeIgniter.php(354): CodeIgniter\CodeIgniter->handleRequest(null, Object(Config\Cache), false)
 7 SYSTEMPATH\Boot.php(334): CodeIgniter\CodeIgniter->run()
 8 SYSTEMPATH\Boot.php(67): CodeIgniter\Boot::runCodeIgniter(Object(CodeIgniter\CodeIgniter))
 9 FCPATH\index.php(59): CodeIgniter\Boot::bootWeb(Object(Config\Paths))
10 SYSTEMPATH\rewrite.php(44): require_once('C:\\xampp\\htdocs\\aplikasi_pengelola_kos\\codeigniter4\\public\\index.php')
